C:\USERS\PKHORRA2\DOWNLOADS\HEAD_POSE_ESTIMATION\DEMO\BUILD\CMAKEFILES\GENERATE.STAMP
C:\Users\pkhorra2\Downloads\head_pose_estimation\demo\build\head_pose_estimation_demo.dir\Release\cl.command.1.tlog
C:\Users\pkhorra2\Downloads\head_pose_estimation\demo\build\head_pose_estimation_demo.dir\Release\CL.read.1.tlog
C:\Users\pkhorra2\Downloads\head_pose_estimation\demo\build\head_pose_estimation_demo.dir\Release\CL.write.1.tlog
C:\USERS\PKHORRA2\DOWNLOADS\HEAD_POSE_ESTIMATION\DEMO\BUILD\HEAD_POSE_ESTIMATION_DEMO.DIR\RELEASE\CRFORESTESTIMATOR.OBJ
C:\USERS\PKHORRA2\DOWNLOADS\HEAD_POSE_ESTIMATION\DEMO\BUILD\HEAD_POSE_ESTIMATION_DEMO.DIR\RELEASE\CRTREE.OBJ
C:\Users\pkhorra2\Downloads\head_pose_estimation\demo\build\head_pose_estimation_demo.dir\Release\custombuild.command.1.tlog
C:\Users\pkhorra2\Downloads\head_pose_estimation\demo\build\head_pose_estimation_demo.dir\Release\custombuild.read.1.tlog
C:\Users\pkhorra2\Downloads\head_pose_estimation\demo\build\head_pose_estimation_demo.dir\Release\custombuild.write.1.tlog
C:\USERS\PKHORRA2\DOWNLOADS\HEAD_POSE_ESTIMATION\DEMO\BUILD\HEAD_POSE_ESTIMATION_DEMO.DIR\RELEASE\GL_CAMERA.OBJ
C:\USERS\PKHORRA2\DOWNLOADS\HEAD_POSE_ESTIMATION\DEMO\BUILD\HEAD_POSE_ESTIMATION_DEMO.DIR\RELEASE\HEAD_POSE_ESTIMATION_DEMO.EXE.INTERMEDIATE.MANIFEST
C:\Users\pkhorra2\Downloads\head_pose_estimation\demo\build\head_pose_estimation_demo.dir\Release\head_pose_estimation_demo.write.1.tlog
C:\Users\pkhorra2\Downloads\head_pose_estimation\demo\build\head_pose_estimation_demo.dir\Release\link.command.1.tlog
C:\Users\pkhorra2\Downloads\head_pose_estimation\demo\build\head_pose_estimation_demo.dir\Release\link.read.1.tlog
C:\Users\pkhorra2\Downloads\head_pose_estimation\demo\build\head_pose_estimation_demo.dir\Release\link.write.1.tlog
C:\USERS\PKHORRA2\DOWNLOADS\HEAD_POSE_ESTIMATION\DEMO\BUILD\HEAD_POSE_ESTIMATION_DEMO.DIR\RELEASE\MAIN.OBJ
C:\Users\pkhorra2\Downloads\head_pose_estimation\demo\build\head_pose_estimation_demo.dir\Release\mt.command.1.tlog
C:\Users\pkhorra2\Downloads\head_pose_estimation\demo\build\head_pose_estimation_demo.dir\Release\mt.read.1.tlog
C:\Users\pkhorra2\Downloads\head_pose_estimation\demo\build\head_pose_estimation_demo.dir\Release\mt.write.1.tlog
C:\Users\pkhorra2\Downloads\head_pose_estimation\demo\build\head_pose_estimation_demo.dir\Release\ResolveAssemblyReference.cache
C:\USERS\PKHORRA2\DOWNLOADS\HEAD_POSE_ESTIMATION\DEMO\BUILD\RELEASE\HEAD_POSE_ESTIMATION_DEMO.EXE
